<?xml version="1.0" encoding="UTF-8"?>
<!-- Generated by org.testng.reporters.JUnitReportReporter -->
<testsuite skipped="0" hostname="LAPTOP-GB395NJQ" name="com.inetBanking.testCases.TC_LoginTest_001" tests="1" failures="0" timestamp="2021-05-15T01:06:28 IST" time="3.424" errors="0">
  <testcase name="loginTest" time="3.424" classname="com.inetBanking.testCases.TC_LoginTest_001"/>
  <system-out/>
</testsuite> <!-- com.inetBanking.testCases.TC_LoginTest_001 -->
